CRITICAL - 2024-01-28 01:28:24 --> Error: Undefined constant "base"
in APPPATH\Views\home.php on line 53.
 1 SYSTEMPATH\View\View.php(228): include()
 2 SYSTEMPATH\View\View.php(231): CodeIgniter\View\View->CodeIgniter\View\{closure}()
 3 SYSTEMPATH\Common.php(1178): CodeIgniter\View\View->render('home', [], true)
 4 APPPATH\Controllers\MainController.php(10): view('home', [...])
 5 SYSTEMPATH\CodeIgniter.php(941): App\Controllers\MainController->index()
 6 SYSTEMPATH\CodeIgniter.php(502): CodeIgniter\CodeIgniter->runController(Object(App\Controllers\MainController))
 7 SYSTEMPATH\CodeIgniter.php(361): CodeIgniter\CodeIgniter->handleRequest(null, Object(Config\Cache), false)
 8 FCPATH\index.php(79): CodeIgniter\CodeIgniter->run()
 9 SYSTEMPATH\Commands\Server\rewrite.php(47): require_once('C:\\laragon\\www\\codeigniter\\projeto_08\\public\\index.php')
CRITICAL - 2024-01-28 04:00:57 --> Error: Undefined constant "b"
in APPPATH\Views\where_we_are.php on line 66.
 1 SYSTEMPATH\View\View.php(228): include()
 2 SYSTEMPATH\View\View.php(231): CodeIgniter\View\View->CodeIgniter\View\{closure}()
 3 SYSTEMPATH\Common.php(1178): CodeIgniter\View\View->render('where_we_are', [], true)
 4 APPPATH\Controllers\MainController.php(22): view('where_we_are', [...])
 5 SYSTEMPATH\CodeIgniter.php(941): App\Controllers\MainController->where_we_are()
 6 SYSTEMPATH\CodeIgniter.php(502): CodeIgniter\CodeIgniter->runController(Object(App\Controllers\MainController))
 7 SYSTEMPATH\CodeIgniter.php(361): CodeIgniter\CodeIgniter->handleRequest(null, Object(Config\Cache), false)
 8 FCPATH\index.php(79): CodeIgniter\CodeIgniter->run()
 9 SYSTEMPATH\Commands\Server\rewrite.php(47): require_once('C:\\laragon\\www\\codeigniter\\projeto_08\\public\\index.php')
CRITICAL - 2024-01-28 04:03:50 --> Error: Call to undefined function ebase_url()
in APPPATH\Views\where_we_are.php on line 66.
 1 SYSTEMPATH\View\View.php(228): include()
 2 SYSTEMPATH\View\View.php(231): CodeIgniter\View\View->CodeIgniter\View\{closure}()
 3 SYSTEMPATH\Common.php(1178): CodeIgniter\View\View->render('where_we_are', [], true)
 4 APPPATH\Controllers\MainController.php(22): view('where_we_are', [...])
 5 SYSTEMPATH\CodeIgniter.php(941): App\Controllers\MainController->where_we_are()
 6 SYSTEMPATH\CodeIgniter.php(502): CodeIgniter\CodeIgniter->runController(Object(App\Controllers\MainController))
 7 SYSTEMPATH\CodeIgniter.php(361): CodeIgniter\CodeIgniter->handleRequest(null, Object(Config\Cache), false)
 8 FCPATH\index.php(79): CodeIgniter\CodeIgniter->run()
 9 SYSTEMPATH\Commands\Server\rewrite.php(47): require_once('C:\\laragon\\www\\codeigniter\\projeto_08\\public\\index.php')
