CRITICAL - 2024-01-21 14:27:34 --> ArgumentCountError: Too few arguments to function CodeIgniter\Router\RouteCollection::get(), 1 passed in C:\laragon\www\codeigniter\projeto_03\app\Config\Routes.php on line 14 and at least 2 expected
in SYSTEMPATH\Router\RouteCollection.php on line 1017.
 1 APPPATH\Config\Routes.php(14): CodeIgniter\Router\RouteCollection->get('pagina_1, Main::pagina_1')
 2 SYSTEMPATH\Router\RouteCollection.php(344): require('C:\\laragon\\www\\codeigniter\\projeto_03\\app\\Config\\Routes.php')
 3 SYSTEMPATH\CodeIgniter.php(810): CodeIgniter\Router\RouteCollection->loadRoutes()
 4 SYSTEMPATH\CodeIgniter.php(450): CodeIgniter\CodeIgniter->tryToRouteIt(null)
 5 SYSTEMPATH\CodeIgniter.php(361): CodeIgniter\CodeIgniter->handleRequest(null, Object(Config\Cache), false)
 6 FCPATH\index.php(79): CodeIgniter\CodeIgniter->run()
 7 SYSTEMPATH\Commands\Server\rewrite.php(47): require_once('C:\\laragon\\www\\codeigniter\\projeto_03\\public\\index.php')
CRITICAL - 2024-01-21 14:27:46 --> ArgumentCountError: Too few arguments to function CodeIgniter\Router\RouteCollection::get(), 1 passed in C:\laragon\www\codeigniter\projeto_03\app\Config\Routes.php on line 14 and at least 2 expected
in SYSTEMPATH\Router\RouteCollection.php on line 1017.
 1 APPPATH\Config\Routes.php(14): CodeIgniter\Router\RouteCollection->get('/pagina_1, Main::pagina_1')
 2 SYSTEMPATH\Router\RouteCollection.php(344): require('C:\\laragon\\www\\codeigniter\\projeto_03\\app\\Config\\Routes.php')
 3 SYSTEMPATH\CodeIgniter.php(810): CodeIgniter\Router\RouteCollection->loadRoutes()
 4 SYSTEMPATH\CodeIgniter.php(450): CodeIgniter\CodeIgniter->tryToRouteIt(null)
 5 SYSTEMPATH\CodeIgniter.php(361): CodeIgniter\CodeIgniter->handleRequest(null, Object(Config\Cache), false)
 6 FCPATH\index.php(79): CodeIgniter\CodeIgniter->run()
 7 SYSTEMPATH\Commands\Server\rewrite.php(47): require_once('C:\\laragon\\www\\codeigniter\\projeto_03\\public\\index.php')
CRITICAL - 2024-01-21 14:27:47 --> ArgumentCountError: Too few arguments to function CodeIgniter\Router\RouteCollection::get(), 1 passed in C:\laragon\www\codeigniter\projeto_03\app\Config\Routes.php on line 14 and at least 2 expected
in SYSTEMPATH\Router\RouteCollection.php on line 1017.
 1 APPPATH\Config\Routes.php(14): CodeIgniter\Router\RouteCollection->get('/pagina_1, Main::pagina_1')
 2 SYSTEMPATH\Router\RouteCollection.php(344): require('C:\\laragon\\www\\codeigniter\\projeto_03\\app\\Config\\Routes.php')
 3 SYSTEMPATH\CodeIgniter.php(810): CodeIgniter\Router\RouteCollection->loadRoutes()
 4 SYSTEMPATH\CodeIgniter.php(450): CodeIgniter\CodeIgniter->tryToRouteIt(null)
 5 SYSTEMPATH\CodeIgniter.php(361): CodeIgniter\CodeIgniter->handleRequest(null, Object(Config\Cache), false)
 6 FCPATH\index.php(79): CodeIgniter\CodeIgniter->run()
 7 SYSTEMPATH\Commands\Server\rewrite.php(47): require_once('C:\\laragon\\www\\codeigniter\\projeto_03\\public\\index.php')
CRITICAL - 2024-01-21 14:27:47 --> ArgumentCountError: Too few arguments to function CodeIgniter\Router\RouteCollection::get(), 1 passed in C:\laragon\www\codeigniter\projeto_03\app\Config\Routes.php on line 14 and at least 2 expected
in SYSTEMPATH\Router\RouteCollection.php on line 1017.
 1 APPPATH\Config\Routes.php(14): CodeIgniter\Router\RouteCollection->get('/pagina_1, Main::pagina_1')
 2 SYSTEMPATH\Router\RouteCollection.php(344): require('C:\\laragon\\www\\codeigniter\\projeto_03\\app\\Config\\Routes.php')
 3 SYSTEMPATH\CodeIgniter.php(810): CodeIgniter\Router\RouteCollection->loadRoutes()
 4 SYSTEMPATH\CodeIgniter.php(450): CodeIgniter\CodeIgniter->tryToRouteIt(null)
 5 SYSTEMPATH\CodeIgniter.php(361): CodeIgniter\CodeIgniter->handleRequest(null, Object(Config\Cache), false)
 6 FCPATH\index.php(79): CodeIgniter\CodeIgniter->run()
 7 SYSTEMPATH\Commands\Server\rewrite.php(47): require_once('C:\\laragon\\www\\codeigniter\\projeto_03\\public\\index.php')
CRITICAL - 2024-01-21 14:27:47 --> ArgumentCountError: Too few arguments to function CodeIgniter\Router\RouteCollection::get(), 1 passed in C:\laragon\www\codeigniter\projeto_03\app\Config\Routes.php on line 14 and at least 2 expected
in SYSTEMPATH\Router\RouteCollection.php on line 1017.
 1 APPPATH\Config\Routes.php(14): CodeIgniter\Router\RouteCollection->get('/pagina_1, Main::pagina_1')
 2 SYSTEMPATH\Router\RouteCollection.php(344): require('C:\\laragon\\www\\codeigniter\\projeto_03\\app\\Config\\Routes.php')
 3 SYSTEMPATH\CodeIgniter.php(810): CodeIgniter\Router\RouteCollection->loadRoutes()
 4 SYSTEMPATH\CodeIgniter.php(450): CodeIgniter\CodeIgniter->tryToRouteIt(null)
 5 SYSTEMPATH\CodeIgniter.php(361): CodeIgniter\CodeIgniter->handleRequest(null, Object(Config\Cache), false)
 6 FCPATH\index.php(79): CodeIgniter\CodeIgniter->run()
 7 SYSTEMPATH\Commands\Server\rewrite.php(47): require_once('C:\\laragon\\www\\codeigniter\\projeto_03\\public\\index.php')
CRITICAL - 2024-01-21 14:27:47 --> ArgumentCountError: Too few arguments to function CodeIgniter\Router\RouteCollection::get(), 1 passed in C:\laragon\www\codeigniter\projeto_03\app\Config\Routes.php on line 14 and at least 2 expected
in SYSTEMPATH\Router\RouteCollection.php on line 1017.
 1 APPPATH\Config\Routes.php(14): CodeIgniter\Router\RouteCollection->get('/pagina_1, Main::pagina_1')
 2 SYSTEMPATH\Router\RouteCollection.php(344): require('C:\\laragon\\www\\codeigniter\\projeto_03\\app\\Config\\Routes.php')
 3 SYSTEMPATH\CodeIgniter.php(810): CodeIgniter\Router\RouteCollection->loadRoutes()
 4 SYSTEMPATH\CodeIgniter.php(450): CodeIgniter\CodeIgniter->tryToRouteIt(null)
 5 SYSTEMPATH\CodeIgniter.php(361): CodeIgniter\CodeIgniter->handleRequest(null, Object(Config\Cache), false)
 6 FCPATH\index.php(79): CodeIgniter\CodeIgniter->run()
 7 SYSTEMPATH\Commands\Server\rewrite.php(47): require_once('C:\\laragon\\www\\codeigniter\\projeto_03\\public\\index.php')
CRITICAL - 2024-01-21 14:27:47 --> ArgumentCountError: Too few arguments to function CodeIgniter\Router\RouteCollection::get(), 1 passed in C:\laragon\www\codeigniter\projeto_03\app\Config\Routes.php on line 14 and at least 2 expected
in SYSTEMPATH\Router\RouteCollection.php on line 1017.
 1 APPPATH\Config\Routes.php(14): CodeIgniter\Router\RouteCollection->get('/pagina_1, Main::pagina_1')
 2 SYSTEMPATH\Router\RouteCollection.php(344): require('C:\\laragon\\www\\codeigniter\\projeto_03\\app\\Config\\Routes.php')
 3 SYSTEMPATH\CodeIgniter.php(810): CodeIgniter\Router\RouteCollection->loadRoutes()
 4 SYSTEMPATH\CodeIgniter.php(450): CodeIgniter\CodeIgniter->tryToRouteIt(null)
 5 SYSTEMPATH\CodeIgniter.php(361): CodeIgniter\CodeIgniter->handleRequest(null, Object(Config\Cache), false)
 6 FCPATH\index.php(79): CodeIgniter\CodeIgniter->run()
 7 SYSTEMPATH\Commands\Server\rewrite.php(47): require_once('C:\\laragon\\www\\codeigniter\\projeto_03\\public\\index.php')
CRITICAL - 2024-01-21 18:22:52 --> ParseError: syntax error, unexpected token "}", expecting "," or ";"
in APPPATH\Controllers\MainController.php on line 21.
 1 SYSTEMPATH\Autoloader\Autoloader.php(288): CodeIgniter\Autoloader\Autoloader->includeFile('C:\\laragon\\www\\codeigniter\\projeto_04\\app\\Controllers\\MainController.php')
 2 SYSTEMPATH\Autoloader\Autoloader.php(266): CodeIgniter\Autoloader\Autoloader->loadInNamespace('App\\Controllers\\MainController')
 3 [internal function]: CodeIgniter\Autoloader\Autoloader->loadClass('App\\Controllers\\MainController')
 4 SYSTEMPATH\CodeIgniter.php(899): class_exists('\\App\\Controllers\\MainController', true)
 5 SYSTEMPATH\CodeIgniter.php(489): CodeIgniter\CodeIgniter->startController()
 6 SYSTEMPATH\CodeIgniter.php(361): CodeIgniter\CodeIgniter->handleRequest(null, Object(Config\Cache), false)
 7 FCPATH\index.php(79): CodeIgniter\CodeIgniter->run()
 8 SYSTEMPATH\Commands\Server\rewrite.php(47): require_once('C:\\laragon\\www\\codeigniter\\projeto_04\\public\\index.php')
CRITICAL - 2024-01-21 18:22:53 --> ParseError: syntax error, unexpected token "}", expecting "," or ";"
in APPPATH\Controllers\MainController.php on line 21.
 1 SYSTEMPATH\Autoloader\Autoloader.php(288): CodeIgniter\Autoloader\Autoloader->includeFile('C:\\laragon\\www\\codeigniter\\projeto_04\\app\\Controllers\\MainController.php')
 2 SYSTEMPATH\Autoloader\Autoloader.php(266): CodeIgniter\Autoloader\Autoloader->loadInNamespace('App\\Controllers\\MainController')
 3 [internal function]: CodeIgniter\Autoloader\Autoloader->loadClass('App\\Controllers\\MainController')
 4 SYSTEMPATH\CodeIgniter.php(899): class_exists('\\App\\Controllers\\MainController', true)
 5 SYSTEMPATH\CodeIgniter.php(489): CodeIgniter\CodeIgniter->startController()
 6 SYSTEMPATH\CodeIgniter.php(361): CodeIgniter\CodeIgniter->handleRequest(null, Object(Config\Cache), false)
 7 FCPATH\index.php(79): CodeIgniter\CodeIgniter->run()
 8 SYSTEMPATH\Commands\Server\rewrite.php(47): require_once('C:\\laragon\\www\\codeigniter\\projeto_04\\public\\index.php')
CRITICAL - 2024-01-21 18:38:18 --> ArgumentCountError: Too few arguments to function App\Controllers\MainController::ph_alpha(), 1 passed in C:\laragon\www\codeigniter\projeto_04\system\CodeIgniter.php on line 941 and exactly 2 expected
in APPPATH\Controllers\MainController.php on line 34.
 1 SYSTEMPATH\CodeIgniter.php(941): App\Controllers\MainController->ph_alpha('felipe')
 2 SYSTEMPATH\CodeIgniter.php(502): CodeIgniter\CodeIgniter->runController(Object(App\Controllers\MainController))
 3 SYSTEMPATH\CodeIgniter.php(361): CodeIgniter\CodeIgniter->handleRequest(null, Object(Config\Cache), false)
 4 FCPATH\index.php(79): CodeIgniter\CodeIgniter->run()
 5 SYSTEMPATH\Commands\Server\rewrite.php(47): require_once('C:\\laragon\\www\\codeigniter\\projeto_04\\public\\index.php')
