CRITICAL - 2024-01-21 14:27:34 --> ArgumentCountError: Too few arguments to function CodeIgniter\Router\RouteCollection::get(), 1 passed in C:\laragon\www\codeigniter\projeto_03\app\Config\Routes.php on line 14 and at least 2 expected
in SYSTEMPATH\Router\RouteCollection.php on line 1017.
 1 APPPATH\Config\Routes.php(14): CodeIgniter\Router\RouteCollection->get('pagina_1, Main::pagina_1')
 2 SYSTEMPATH\Router\RouteCollection.php(344): require('C:\\laragon\\www\\codeigniter\\projeto_03\\app\\Config\\Routes.php')
 3 SYSTEMPATH\CodeIgniter.php(810): CodeIgniter\Router\RouteCollection->loadRoutes()
 4 SYSTEMPATH\CodeIgniter.php(450): CodeIgniter\CodeIgniter->tryToRouteIt(null)
 5 SYSTEMPATH\CodeIgniter.php(361): CodeIgniter\CodeIgniter->handleRequest(null, Object(Config\Cache), false)
 6 FCPATH\index.php(79): CodeIgniter\CodeIgniter->run()
 7 SYSTEMPATH\Commands\Server\rewrite.php(47): require_once('C:\\laragon\\www\\codeigniter\\projeto_03\\public\\index.php')
CRITICAL - 2024-01-21 14:27:46 --> ArgumentCountError: Too few arguments to function CodeIgniter\Router\RouteCollection::get(), 1 passed in C:\laragon\www\codeigniter\projeto_03\app\Config\Routes.php on line 14 and at least 2 expected
in SYSTEMPATH\Router\RouteCollection.php on line 1017.
 1 APPPATH\Config\Routes.php(14): CodeIgniter\Router\RouteCollection->get('/pagina_1, Main::pagina_1')
 2 SYSTEMPATH\Router\RouteCollection.php(344): require('C:\\laragon\\www\\codeigniter\\projeto_03\\app\\Config\\Routes.php')
 3 SYSTEMPATH\CodeIgniter.php(810): CodeIgniter\Router\RouteCollection->loadRoutes()
 4 SYSTEMPATH\CodeIgniter.php(450): CodeIgniter\CodeIgniter->tryToRouteIt(null)
 5 SYSTEMPATH\CodeIgniter.php(361): CodeIgniter\CodeIgniter->handleRequest(null, Object(Config\Cache), false)
 6 FCPATH\index.php(79): CodeIgniter\CodeIgniter->run()
 7 SYSTEMPATH\Commands\Server\rewrite.php(47): require_once('C:\\laragon\\www\\codeigniter\\projeto_03\\public\\index.php')
CRITICAL - 2024-01-21 14:27:47 --> ArgumentCountError: Too few arguments to function CodeIgniter\Router\RouteCollection::get(), 1 passed in C:\laragon\www\codeigniter\projeto_03\app\Config\Routes.php on line 14 and at least 2 expected
in SYSTEMPATH\Router\RouteCollection.php on line 1017.
 1 APPPATH\Config\Routes.php(14): CodeIgniter\Router\RouteCollection->get('/pagina_1, Main::pagina_1')
 2 SYSTEMPATH\Router\RouteCollection.php(344): require('C:\\laragon\\www\\codeigniter\\projeto_03\\app\\Config\\Routes.php')
 3 SYSTEMPATH\CodeIgniter.php(810): CodeIgniter\Router\RouteCollection->loadRoutes()
 4 SYSTEMPATH\CodeIgniter.php(450): CodeIgniter\CodeIgniter->tryToRouteIt(null)
 5 SYSTEMPATH\CodeIgniter.php(361): CodeIgniter\CodeIgniter->handleRequest(null, Object(Config\Cache), false)
 6 FCPATH\index.php(79): CodeIgniter\CodeIgniter->run()
 7 SYSTEMPATH\Commands\Server\rewrite.php(47): require_once('C:\\laragon\\www\\codeigniter\\projeto_03\\public\\index.php')
CRITICAL - 2024-01-21 14:27:47 --> ArgumentCountError: Too few arguments to function CodeIgniter\Router\RouteCollection::get(), 1 passed in C:\laragon\www\codeigniter\projeto_03\app\Config\Routes.php on line 14 and at least 2 expected
in SYSTEMPATH\Router\RouteCollection.php on line 1017.
 1 APPPATH\Config\Routes.php(14): CodeIgniter\Router\RouteCollection->get('/pagina_1, Main::pagina_1')
 2 SYSTEMPATH\Router\RouteCollection.php(344): require('C:\\laragon\\www\\codeigniter\\projeto_03\\app\\Config\\Routes.php')
 3 SYSTEMPATH\CodeIgniter.php(810): CodeIgniter\Router\RouteCollection->loadRoutes()
 4 SYSTEMPATH\CodeIgniter.php(450): CodeIgniter\CodeIgniter->tryToRouteIt(null)
 5 SYSTEMPATH\CodeIgniter.php(361): CodeIgniter\CodeIgniter->handleRequest(null, Object(Config\Cache), false)
 6 FCPATH\index.php(79): CodeIgniter\CodeIgniter->run()
 7 SYSTEMPATH\Commands\Server\rewrite.php(47): require_once('C:\\laragon\\www\\codeigniter\\projeto_03\\public\\index.php')
CRITICAL - 2024-01-21 14:27:47 --> ArgumentCountError: Too few arguments to function CodeIgniter\Router\RouteCollection::get(), 1 passed in C:\laragon\www\codeigniter\projeto_03\app\Config\Routes.php on line 14 and at least 2 expected
in SYSTEMPATH\Router\RouteCollection.php on line 1017.
 1 APPPATH\Config\Routes.php(14): CodeIgniter\Router\RouteCollection->get('/pagina_1, Main::pagina_1')
 2 SYSTEMPATH\Router\RouteCollection.php(344): require('C:\\laragon\\www\\codeigniter\\projeto_03\\app\\Config\\Routes.php')
 3 SYSTEMPATH\CodeIgniter.php(810): CodeIgniter\Router\RouteCollection->loadRoutes()
 4 SYSTEMPATH\CodeIgniter.php(450): CodeIgniter\CodeIgniter->tryToRouteIt(null)
 5 SYSTEMPATH\CodeIgniter.php(361): CodeIgniter\CodeIgniter->handleRequest(null, Object(Config\Cache), false)
 6 FCPATH\index.php(79): CodeIgniter\CodeIgniter->run()
 7 SYSTEMPATH\Commands\Server\rewrite.php(47): require_once('C:\\laragon\\www\\codeigniter\\projeto_03\\public\\index.php')
CRITICAL - 2024-01-21 14:27:47 --> ArgumentCountError: Too few arguments to function CodeIgniter\Router\RouteCollection::get(), 1 passed in C:\laragon\www\codeigniter\projeto_03\app\Config\Routes.php on line 14 and at least 2 expected
in SYSTEMPATH\Router\RouteCollection.php on line 1017.
 1 APPPATH\Config\Routes.php(14): CodeIgniter\Router\RouteCollection->get('/pagina_1, Main::pagina_1')
 2 SYSTEMPATH\Router\RouteCollection.php(344): require('C:\\laragon\\www\\codeigniter\\projeto_03\\app\\Config\\Routes.php')
 3 SYSTEMPATH\CodeIgniter.php(810): CodeIgniter\Router\RouteCollection->loadRoutes()
 4 SYSTEMPATH\CodeIgniter.php(450): CodeIgniter\CodeIgniter->tryToRouteIt(null)
 5 SYSTEMPATH\CodeIgniter.php(361): CodeIgniter\CodeIgniter->handleRequest(null, Object(Config\Cache), false)
 6 FCPATH\index.php(79): CodeIgniter\CodeIgniter->run()
 7 SYSTEMPATH\Commands\Server\rewrite.php(47): require_once('C:\\laragon\\www\\codeigniter\\projeto_03\\public\\index.php')
CRITICAL - 2024-01-21 14:27:47 --> ArgumentCountError: Too few arguments to function CodeIgniter\Router\RouteCollection::get(), 1 passed in C:\laragon\www\codeigniter\projeto_03\app\Config\Routes.php on line 14 and at least 2 expected
in SYSTEMPATH\Router\RouteCollection.php on line 1017.
 1 APPPATH\Config\Routes.php(14): CodeIgniter\Router\RouteCollection->get('/pagina_1, Main::pagina_1')
 2 SYSTEMPATH\Router\RouteCollection.php(344): require('C:\\laragon\\www\\codeigniter\\projeto_03\\app\\Config\\Routes.php')
 3 SYSTEMPATH\CodeIgniter.php(810): CodeIgniter\Router\RouteCollection->loadRoutes()
 4 SYSTEMPATH\CodeIgniter.php(450): CodeIgniter\CodeIgniter->tryToRouteIt(null)
 5 SYSTEMPATH\CodeIgniter.php(361): CodeIgniter\CodeIgniter->handleRequest(null, Object(Config\Cache), false)
 6 FCPATH\index.php(79): CodeIgniter\CodeIgniter->run()
 7 SYSTEMPATH\Commands\Server\rewrite.php(47): require_once('C:\\laragon\\www\\codeigniter\\projeto_03\\public\\index.php')
CRITICAL - 2024-01-21 17:38:32 --> Error: Call to undefined method CodeIgniter\Router\RouteCollection::get, post()
in SYSTEMPATH\Router\RouteCollection.php on line 1006.
 1 APPPATH\Config\Routes.php(20): CodeIgniter\Router\RouteCollection->match([...], '/login', 'Main::formulario_login')
 2 SYSTEMPATH\Router\RouteCollection.php(344): require('C:\\laragon\\www\\codeigniter\\projeto_03\\app\\Config\\Routes.php')
 3 SYSTEMPATH\CLI\Console.php(39): CodeIgniter\Router\RouteCollection->loadRoutes()
 4 ROOTPATH\spark(102): CodeIgniter\CLI\Console->run()
CRITICAL - 2024-01-21 18:48:12 --> Error: Call to undefined method CodeIgniter\Router\RouteCollection::get, post()
in SYSTEMPATH\Router\RouteCollection.php on line 1006.
 1 APPPATH\Config\Routes.php(20): CodeIgniter\Router\RouteCollection->match([...], '/login', 'Main::formulario_login')
 2 SYSTEMPATH\Router\RouteCollection.php(344): require('C:\\laragon\\www\\codeigniter\\projeto_03\\app\\Config\\Routes.php')
 3 SYSTEMPATH\CodeIgniter.php(810): CodeIgniter\Router\RouteCollection->loadRoutes()
 4 SYSTEMPATH\CodeIgniter.php(450): CodeIgniter\CodeIgniter->tryToRouteIt(null)
 5 SYSTEMPATH\CodeIgniter.php(361): CodeIgniter\CodeIgniter->handleRequest(null, Object(Config\Cache), false)
 6 FCPATH\index.php(79): CodeIgniter\CodeIgniter->run()
